00:50:12:806 [ALWAYS]	GUDE Logging Started
00:50:12:806 [INFO]	SqliteResumeCache::SqliteResumeCache basedirectory is null/empty
00:50:12:806 [ERROR]	SqliteResumeCache::CreateSqliteResumeCache creating resume cache pointer failure
00:50:12:806 [ERROR]	Initialize resume cache pointer failure
00:50:12:806 [INFO]	gude policy POLICY_USER limit (2,2,1) chunk 2097152, chunking (UL 0 DL 1), resXfer 1, adapt 0, NSURL 0, timeout 86400 
00:50:12:806 [INFO]	Initialized -- gude-lib version: v0.12.1 app: gude
00:50:18:717 [WARN]	Ignoring attempt to reinit logging to \gude at level 4 retaining 3 days of logs
00:50:18:717 [INFO]	SqliteResumeCache::SqliteResumeCache basedirectory is null/empty
00:50:18:717 [ERROR]	SqliteResumeCache::CreateSqliteResumeCache creating resume cache pointer failure
00:50:18:717 [ERROR]	Initialize resume cache pointer failure
00:50:18:717 [INFO]	gude policy POLICY_USER limit (4,4,1) chunk 2097152, chunking (UL 0 DL 1), resXfer 1, adapt 0, NSURL 1, timeout 86400 
00:50:18:717 [INFO]	Initialized -- gude-lib version: v0.12.1 app: gude
00:51:17:493 [ALWAYS]	GUDE Logging Started
00:51:17:494 [INFO]	SqliteResumeCache::SqliteResumeCache basedirectory is null/empty
00:51:17:494 [ERROR]	SqliteResumeCache::CreateSqliteResumeCache creating resume cache pointer failure
00:51:17:494 [ERROR]	Initialize resume cache pointer failure
00:51:17:494 [INFO]	gude policy POLICY_USER limit (2,2,1) chunk 2097152, chunking (UL 0 DL 1), resXfer 1, adapt 0, NSURL 0, timeout 86400 
00:51:17:494 [INFO]	Initialized -- gude-lib version: v0.12.1 app: gude
00:51:23:093 [WARN]	Ignoring attempt to reinit logging to \gude at level 4 retaining 3 days of logs
00:51:23:093 [INFO]	SqliteResumeCache::SqliteResumeCache basedirectory is null/empty
00:51:23:094 [ERROR]	SqliteResumeCache::CreateSqliteResumeCache creating resume cache pointer failure
00:51:23:094 [ERROR]	Initialize resume cache pointer failure
00:51:23:094 [INFO]	gude policy POLICY_USER limit (4,4,1) chunk 2097152, chunking (UL 0 DL 1), resXfer 1, adapt 0, NSURL 1, timeout 86400 
00:51:23:094 [INFO]	Initialized -- gude-lib version: v0.12.1 app: gude
