00:48:54:067 [ALWAYS]	GUDE Logging Started
00:48:54:068 [INFO]	SqliteResumeCache::SqliteResumeCache basedirectory is null/empty
00:48:54:068 [ERROR]	SqliteResumeCache::CreateSqliteResumeCache creating resume cache pointer failure
00:48:54:068 [ERROR]	Initialize resume cache pointer failure
00:48:54:068 [INFO]	gude policy POLICY_USER limit (2,2,1) chunk 2097152, chunking (UL 0 DL 1), resXfer 1, adapt 0, NSURL 0, timeout 86400 
00:48:54:068 [INFO]	Initialized -- gude-lib version: v0.12.1 app: gude
00:48:56:510 [WARN]	Ignoring attempt to reinit logging to \gude at level 4 retaining 3 days of logs
00:48:56:510 [INFO]	SqliteResumeCache::SqliteResumeCache basedirectory is null/empty
00:48:56:510 [ERROR]	SqliteResumeCache::CreateSqliteResumeCache creating resume cache pointer failure
00:48:56:510 [ERROR]	Initialize resume cache pointer failure
00:48:56:510 [INFO]	gude policy POLICY_USER limit (4,4,1) chunk 2097152, chunking (UL 0 DL 1), resXfer 1, adapt 0, NSURL 1, timeout 86400 
00:48:56:510 [INFO]	Initialized -- gude-lib version: v0.12.1 app: gude
00:51:56:620 [ALWAYS]	GUDE Logging Started
00:51:56:621 [INFO]	SqliteResumeCache::SqliteResumeCache basedirectory is null/empty
00:51:56:621 [ERROR]	SqliteResumeCache::CreateSqliteResumeCache creating resume cache pointer failure
00:51:56:621 [ERROR]	Initialize resume cache pointer failure
00:51:56:621 [INFO]	gude policy POLICY_USER limit (2,2,1) chunk 2097152, chunking (UL 0 DL 1), resXfer 1, adapt 0, NSURL 0, timeout 86400 
00:51:56:621 [INFO]	Initialized -- gude-lib version: v0.12.1 app: gude
00:52:02:172 [WARN]	Ignoring attempt to reinit logging to \gude at level 4 retaining 3 days of logs
00:52:02:172 [INFO]	SqliteResumeCache::SqliteResumeCache basedirectory is null/empty
00:52:02:172 [ERROR]	SqliteResumeCache::CreateSqliteResumeCache creating resume cache pointer failure
00:52:02:172 [ERROR]	Initialize resume cache pointer failure
00:52:02:172 [INFO]	gude policy POLICY_USER limit (4,4,1) chunk 2097152, chunking (UL 0 DL 1), resXfer 1, adapt 0, NSURL 1, timeout 86400 
00:52:02:172 [INFO]	Initialized -- gude-lib version: v0.12.1 app: gude
